
> creatorlens-ai-frontend@1.0.0 dev
> next dev --hostname 127.0.0.1 --port 3000

▲ Next.js 16.2.6 (Turbopack)
- Local:         http://127.0.0.1:3000
- Network:       http://127.0.0.1:3000
✓ Ready in 1169ms

  We detected TypeScript in your project and reconfigured your tsconfig.json file for you.
  The following suggested values were added to your tsconfig.json. These values can be changed to fit your project's needs:

  	- include was updated to add '.next/dev/types/**/*.ts'

  The following mandatory changes were made to your tsconfig.json:

  	- jsx was set to react-jsx (next.js uses the React automatic runtime)


 GET / 200 in 3.3s (next.js: 2.9s, application-code: 448ms)
 GET / 200 in 105ms (next.js: 9ms, application-code: 95ms)
 GET / 200 in 75ms (next.js: 8ms, application-code: 67ms)
 GET / 200 in 114ms (next.js: 8ms, application-code: 105ms)
 GET / 200 in 99ms (next.js: 9ms, application-code: 91ms)
✓ Compiled in 93ms
 GET / 200 in 334ms (next.js: 160ms, application-code: 174ms)
 GET / 200 in 181ms (next.js: 10ms, application-code: 171ms)
 GET / 200 in 79ms (next.js: 12ms, application-code: 67ms)
 GET / 200 in 95ms (next.js: 13ms, application-code: 82ms)
✓ Compiled in 26ms
 GET / 200 in 133ms (next.js: 10ms, application-code: 123ms)
 GET / 200 in 90ms (next.js: 8ms, application-code: 82ms)
✓ Compiled in 29ms
 GET / 200 in 214ms (next.js: 147ms, application-code: 67ms)
 GET / 200 in 41ms (next.js: 6ms, application-code: 35ms)
 GET / 200 in 132ms (next.js: 6ms, application-code: 126ms)
 GET / 200 in 89ms (next.js: 8ms, application-code: 81ms)
 GET / 200 in 84ms (next.js: 10ms, application-code: 74ms)
npm notice
npm notice New minor version of npm available! 11.12.1 -> 11.16.0
npm notice Changelog: https://github.com/npm/cli/releases/tag/v11.16.0
npm notice To update run: npm install -g npm@11.16.0
npm notice
